<?xml version="1.0" encoding="UTF-8"?>
<!-- Generated by org.testng.reporters.JUnitReportReporter -->
<testsuite skipped="0" hostname="4XRJFH2" name="WebAutomation.ClearTrip.RoundTripTest" tests="1" failures="0" timestamp="2020-11-09T20:04:21 IST" time="33.901" errors="0">
  <testcase name="launch" time="33.901" classname="WebAutomation.ClearTrip.RoundTripTest"/>
  <system-out/>
</testsuite> <!-- WebAutomation.ClearTrip.RoundTripTest -->
