<?xml version="1.0" encoding="UTF-8"?>
<!-- Generated by org.testng.reporters.JUnitReportReporter -->
<testsuite skipped="0" hostname="4XRJFH2" name="WebAutomation.ClearTrip.LaunchAppTest" tests="1" failures="0" timestamp="2020-11-09T14:17:48 IST" time="17.349" errors="0">
  <testcase name="launch" time="17.349" classname="WebAutomation.ClearTrip.LaunchAppTest"/>
  <system-out/>
</testsuite> <!-- WebAutomation.ClearTrip.LaunchAppTest -->
